Using pre-set license
Built from '2020.3/staging' branch; Version is '2020.3.9f1 (108be757e447) revision 1084391'; Using compiler version '192528614'; Build Type 'Release'
OS: 'Windows 10 Home; OS build 19042.1165; Version 2009; 64bit' Language: 'en' Physical Memory: 16205 MB
BatchMode: 1, IsHumanControllingUs: 0, StartBugReporterOnCrash: 0, Is64bit: 1, IsPro: 0

 COMMAND LINE ARGUMENTS:
C:\Program Files\Unity\Hub\Editor\2020.3.9f1\Editor\Unity.exe
-adb2
-batchMode
-noUpm
-name
AssetImportWorker0
-projectPath
C:/Users/seanh/Desktop/Projects/NGYA/NGYA
-logFile
Logs/AssetImportWorker0.log
-srvPort
64239
Successfully changed project path to: C:/Users/seanh/Desktop/Projects/NGYA/NGYA
C:/Users/seanh/Desktop/Projects/NGYA/NGYA
Using Asset Import Pipeline V2.
Refreshing native plugins compatible for Editor in 84.57 ms, found 1 plugins.
Preloading 0 native plugins for Editor in 0.00 ms.
Initialize engine version: 2020.3.9f1 (108be757e447)
[Subsystems] Discovering subsystems at path C:/Program Files/Unity/Hub/Editor/2020.3.9f1/Editor/Data/Resources/UnitySubsystems
[Subsystems] Discovering subsystems at path C:/Users/seanh/Desktop/Projects/NGYA/NGYA/Assets
GfxDevice: creating device client; threaded=0
Direct3D:
    Version:  Direct3D 11.0 [level 11.1]
    Renderer: NVIDIA GeForce MX250 (ID=0x1d52)
    Vendor:   
    VRAM:     1983 MB
    Driver:   27.21.14.6280
Initialize mono
Mono path[0] = 'C:/Program Files/Unity/Hub/Editor/2020.3.9f1/Editor/Data/Managed'
Mono path[1] = 'C:/Program Files/Unity/Hub/Editor/2020.3.9f1/Editor/Data/MonoBleedingEdge/lib/mono/unityjit'
Mono config path = 'C:/Program Files/Unity/Hub/Editor/2020.3.9f1/Editor/Data/MonoBleedingEdge/etc'
Using monoOptions --debugger-agent=transport=dt_socket,embedding=1,server=y,suspend=n,address=127.0.0.1:56324
Begin MonoManager ReloadAssembly
Registering precompiled unity dll's ...
Register platform support module: C:/Program Files/Unity/Hub/Editor/2020.3.9f1/Editor/Data/PlaybackEngines/WebGLSupport/UnityEditor.WebGL.Extensions.dll
Register platform support module: C:/Program Files/Unity/Hub/Editor/2020.3.9f1/Editor/Data/PlaybackEngines/MacStandaloneSupport/UnityEditor.OSXStandalone.Extensions.dll
Register platform support module: C:/Program Files/Unity/Hub/Editor/2020.3.9f1/Editor/Data/PlaybackEngines/WindowsStandaloneSupport/UnityEditor.WindowsStandalone.Extensions.dll
Register platform support module: C:/Program Files/Unity/Hub/Editor/2020.3.9f1/Editor/Data/PlaybackEngines/LinuxStandaloneSupport/UnityEditor.LinuxStandalone.Extensions.dll
Registered in 0.004671 seconds.
Native extension for LinuxStandalone target not found
Native extension for WindowsStandalone target not found
Native extension for OSXStandalone target not found
Native extension for WebGL target not found
Refreshing native plugins compatible for Editor in 74.61 ms, found 1 plugins.
Preloading 0 native plugins for Editor in 0.00 ms.
Mono: successfully reloaded assembly
- Completed reload, in  4.479 seconds
Platform modules already initialized, skipping
Registering precompiled user dll's ...
Registered in 0.004099 seconds.
Begin MonoManager ReloadAssembly
Native extension for LinuxStandalone target not found
Native extension for WindowsStandalone target not found
Native extension for OSXStandalone target not found
Native extension for WebGL target not found
Refreshing native plugins compatible for Editor in 0.75 ms, found 1 plugins.
Preloading 0 native plugins for Editor in 0.00 ms.
Mono: successfully reloaded assembly
- Completed reload, in  2.149 seconds
Platform modules already initialized, skipping
========================================================================
Worker process is ready to serve import requests
Launched and connected shader compiler UnityShaderCompiler.exe after 0.06 seconds
Refreshing native plugins compatible for Editor in 0.76 ms, found 1 plugins.
Preloading 0 native plugins for Editor in 0.00 ms.
Unloading 2117 Unused Serialized files (Serialized files now loaded: 0)
System memory in use before: 114.0 MB.
System memory in use after: 114.1 MB.

Unloading 20 unused Assets to reduce memory usage. Loaded Objects now: 2586.
Total: 5.136400 ms (FindLiveObjects: 0.538100 ms CreateObjectMapping: 0.390600 ms MarkObjects: 4.044500 ms  DeleteObjects: 0.159800 ms)

========================================================================
Received Import Request.
  path: Assets/Prefabs/Enemies/BasicSquareEnemy.prefab
  artifactKey: Guid(88b57f8c01e73834c830f25ed54f1e24) Importer(815301076,1909f56bfc062723c751e8b465ee728b)
Start importing Assets/Prefabs/Enemies/BasicSquareEnemy.prefab using Guid(88b57f8c01e73834c830f25ed54f1e24) Importer(815301076,1909f56bfc062723c751e8b465ee728b)  -> (artifact id: '66d8ca3463240e54ef2c3deb6c5f7af0') in 0.250807 seconds
  Import took 0.257112 seconds .

========================================================================
Received Import Request.
  Time since last request: 0.000605 seconds.
  path: Assets/Prefabs/Enemies/BasicSquareEnemy.prefab
  artifactKey: Guid(88b57f8c01e73834c830f25ed54f1e24) Importer(815301076,1909f56bfc062723c751e8b465ee728b)
Start importing Assets/Prefabs/Enemies/BasicSquareEnemy.prefab using Guid(88b57f8c01e73834c830f25ed54f1e24) Importer(815301076,1909f56bfc062723c751e8b465ee728b)  -> (artifact id: '66d8ca3463240e54ef2c3deb6c5f7af0') in 0.016840 seconds
  Import took 0.022037 seconds .

========================================================================
Received Prepare
Refreshing native plugins compatible for Editor in 3.23 ms, found 1 plugins.
Preloading 0 native plugins for Editor in 0.00 ms.
Unloading 6 Unused Serialized files (Serialized files now loaded: 0)
System memory in use before: 71.6 MB.
System memory in use after: 71.7 MB.

Unloading 6 unused Assets to reduce memory usage. Loaded Objects now: 2593.
Total: 5.093700 ms (FindLiveObjects: 0.367500 ms CreateObjectMapping: 0.201700 ms MarkObjects: 4.458600 ms  DeleteObjects: 0.063600 ms)

========================================================================
Received Prepare
Registering precompiled user dll's ...
Registered in 0.001448 seconds.
Begin MonoManager ReloadAssembly
Native extension for LinuxStandalone target not found
Native extension for WindowsStandalone target not found
Native extension for OSXStandalone target not found
Native extension for WebGL target not found
Refreshing native plugins compatible for Editor in 0.74 ms, found 1 plugins.
Preloading 0 native plugins for Editor in 0.00 ms.
Mono: successfully reloaded assembly
- Completed reload, in  1.503 seconds
Platform modules already initialized, skipping
Refreshing native plugins compatible for Editor in 1.31 ms, found 1 plugins.
Preloading 0 native plugins for Editor in 0.00 ms.
Unloading 2050 Unused Serialized files (Serialized files now loaded: 0)
System memory in use before: 111.8 MB.
System memory in use after: 111.9 MB.

Unloading 8 unused Assets to reduce memory usage. Loaded Objects now: 2596.
Total: 4.671400 ms (FindLiveObjects: 0.510900 ms CreateObjectMapping: 0.212200 ms MarkObjects: 3.906800 ms  DeleteObjects: 0.038900 ms)

========================================================================
Received Import Request.
  Time since last request: 327.926405 seconds.
  path: Assets/Prefabs/Enemies/BasicSquareEnemy.prefab
  artifactKey: Guid(88b57f8c01e73834c830f25ed54f1e24) Importer(815301076,1909f56bfc062723c751e8b465ee728b)
Start importing Assets/Prefabs/Enemies/BasicSquareEnemy.prefab using Guid(88b57f8c01e73834c830f25ed54f1e24) Importer(815301076,1909f56bfc062723c751e8b465ee728b)  -> (artifact id: 'd3f7253e92b82e963b4f1e1f06bdd67d') in 0.170305 seconds
  Import took 0.181764 seconds .

========================================================================
Received Prepare
Registering precompiled user dll's ...
Registered in 0.001450 seconds.
Begin MonoManager ReloadAssembly
Native extension for LinuxStandalone target not found
Native extension for WindowsStandalone target not found
Native extension for OSXStandalone target not found
Native extension for WebGL target not found
Refreshing native plugins compatible for Editor in 0.35 ms, found 1 plugins.
Preloading 0 native plugins for Editor in 0.00 ms.
Mono: successfully reloaded assembly
- Completed reload, in  0.854 seconds
Platform modules already initialized, skipping
Refreshing native plugins compatible for Editor in 0.37 ms, found 1 plugins.
Preloading 0 native plugins for Editor in 0.00 ms.
Unloading 2050 Unused Serialized files (Serialized files now loaded: 0)
System memory in use before: 111.9 MB.
System memory in use after: 112.0 MB.

Unloading 8 unused Assets to reduce memory usage. Loaded Objects now: 2600.
Total: 2.027600 ms (FindLiveObjects: 0.190900 ms CreateObjectMapping: 0.059900 ms MarkObjects: 1.760600 ms  DeleteObjects: 0.015000 ms)

========================================================================
Received Prepare
Registering precompiled user dll's ...
Registered in 0.001663 seconds.
Begin MonoManager ReloadAssembly
Native extension for LinuxStandalone target not found
Native extension for WindowsStandalone target not found
Native extension for OSXStandalone target not found
Native extension for WebGL target not found
Refreshing native plugins compatible for Editor in 0.34 ms, found 1 plugins.
Preloading 0 native plugins for Editor in 0.00 ms.
Mono: successfully reloaded assembly
- Completed reload, in  0.802 seconds
Platform modules already initialized, skipping
Refreshing native plugins compatible for Editor in 0.41 ms, found 1 plugins.
Preloading 0 native plugins for Editor in 0.00 ms.
Unloading 2050 Unused Serialized files (Serialized files now loaded: 0)
System memory in use before: 111.9 MB.
System memory in use after: 112.0 MB.

Unloading 8 unused Assets to reduce memory usage. Loaded Objects now: 2603.
Total: 1.952600 ms (FindLiveObjects: 0.193000 ms CreateObjectMapping: 0.080400 ms MarkObjects: 1.661200 ms  DeleteObjects: 0.016400 ms)

========================================================================
Received Prepare
Registering precompiled user dll's ...
Registered in 0.002287 seconds.
Begin MonoManager ReloadAssembly
Native extension for LinuxStandalone target not found
Native extension for WindowsStandalone target not found
Native extension for OSXStandalone target not found
Native extension for WebGL target not found
Refreshing native plugins compatible for Editor in 0.35 ms, found 1 plugins.
Preloading 0 native plugins for Editor in 0.00 ms.
Mono: successfully reloaded assembly
- Completed reload, in  0.845 seconds
Platform modules already initialized, skipping
Refreshing native plugins compatible for Editor in 0.36 ms, found 1 plugins.
Preloading 0 native plugins for Editor in 0.00 ms.
Unloading 2050 Unused Serialized files (Serialized files now loaded: 0)
System memory in use before: 111.9 MB.
System memory in use after: 112.0 MB.

Unloading 8 unused Assets to reduce memory usage. Loaded Objects now: 2606.
Total: 1.863700 ms (FindLiveObjects: 0.154400 ms CreateObjectMapping: 0.062100 ms MarkObjects: 1.631900 ms  DeleteObjects: 0.014200 ms)

========================================================================
Received Prepare
Refreshing native plugins compatible for Editor in 2.41 ms, found 1 plugins.
Preloading 0 native plugins for Editor in 0.00 ms.
Unloading 6 Unused Serialized files (Serialized files now loaded: 0)
System memory in use before: 71.5 MB.
System memory in use after: 71.6 MB.

Unloading 6 unused Assets to reduce memory usage. Loaded Objects now: 2606.
Total: 3.026600 ms (FindLiveObjects: 0.227400 ms CreateObjectMapping: 0.131500 ms MarkObjects: 2.643400 ms  DeleteObjects: 0.022000 ms)

========================================================================
Received Prepare
Refreshing native plugins compatible for Editor in 3.02 ms, found 1 plugins.
Preloading 0 native plugins for Editor in 0.00 ms.
Unloading 6 Unused Serialized files (Serialized files now loaded: 0)
System memory in use before: 71.5 MB.
System memory in use after: 71.6 MB.

Unloading 6 unused Assets to reduce memory usage. Loaded Objects now: 2606.
Total: 3.677800 ms (FindLiveObjects: 0.379500 ms CreateObjectMapping: 0.151500 ms MarkObjects: 3.124200 ms  DeleteObjects: 0.021000 ms)

========================================================================
Received Import Request.
  Time since last request: 19003.195841 seconds.
  path: Assets/ScriptableObjects/Upgrades/Unwavering.asset
  artifactKey: Guid(8a1957e6c3b32b5429834c82dabd9ac0) Importer(815301076,1909f56bfc062723c751e8b465ee728b)
Start importing Assets/ScriptableObjects/Upgrades/Unwavering.asset using Guid(8a1957e6c3b32b5429834c82dabd9ac0) Importer(815301076,1909f56bfc062723c751e8b465ee728b)  -> (artifact id: 'c11866ebaf9159b35e25268aacb47801') in 0.053576 seconds
  Import took 0.060483 seconds .

========================================================================
Received Import Request.
  Time since last request: 0.525287 seconds.
  path: Assets/ScriptableObjects/Upgrades/Unwavering 1.asset
  artifactKey: Guid(35f39ddc078704d47b7c0b0a8b67b2b5) Importer(815301076,1909f56bfc062723c751e8b465ee728b)
Start importing Assets/ScriptableObjects/Upgrades/Unwavering 1.asset using Guid(35f39ddc078704d47b7c0b0a8b67b2b5) Importer(815301076,1909f56bfc062723c751e8b465ee728b)  -> (artifact id: 'afaba5f7bde86ad9851475fa130c2a32') in 0.011663 seconds
  Import took 0.015112 seconds .

========================================================================
Received Import Request.
  Time since last request: 3.232702 seconds.
  path: Assets/ScriptableObjects/Upgrades/Shrapnel.asset
  artifactKey: Guid(35f39ddc078704d47b7c0b0a8b67b2b5) Importer(815301076,1909f56bfc062723c751e8b465ee728b)
Start importing Assets/ScriptableObjects/Upgrades/Shrapnel.asset using Guid(35f39ddc078704d47b7c0b0a8b67b2b5) Importer(815301076,1909f56bfc062723c751e8b465ee728b)  -> (artifact id: '354a4badddb684ad2f471b7692208abf') in 0.006290 seconds
  Import took 0.011081 seconds .

========================================================================
Received Import Request.
  Time since last request: 65.710741 seconds.
  path: Assets/ScriptableObjects/Upgrades/Shrapnel.asset
  artifactKey: Guid(35f39ddc078704d47b7c0b0a8b67b2b5) Importer(815301076,1909f56bfc062723c751e8b465ee728b)
Start importing Assets/ScriptableObjects/Upgrades/Shrapnel.asset using Guid(35f39ddc078704d47b7c0b0a8b67b2b5) Importer(815301076,1909f56bfc062723c751e8b465ee728b)  -> (artifact id: '1fe7f8eeb2f225fe16cc3038872f0602') in 0.006065 seconds
  Import took 0.011094 seconds .

========================================================================
Received Prepare
Registering precompiled user dll's ...
Registered in 0.001431 seconds.
Begin MonoManager ReloadAssembly
Native extension for LinuxStandalone target not found
Native extension for WindowsStandalone target not found
Native extension for OSXStandalone target not found
Native extension for WebGL target not found
Refreshing native plugins compatible for Editor in 0.63 ms, found 1 plugins.
Preloading 0 native plugins for Editor in 0.00 ms.
Mono: successfully reloaded assembly
- Completed reload, in  1.002 seconds
Platform modules already initialized, skipping
Refreshing native plugins compatible for Editor in 0.37 ms, found 1 plugins.
Preloading 0 native plugins for Editor in 0.00 ms.
Unloading 2050 Unused Serialized files (Serialized files now loaded: 0)
System memory in use before: 111.9 MB.
System memory in use after: 112.1 MB.

Unloading 8 unused Assets to reduce memory usage. Loaded Objects now: 2609.
Total: 1.989600 ms (FindLiveObjects: 0.205700 ms CreateObjectMapping: 0.092000 ms MarkObjects: 1.673600 ms  DeleteObjects: 0.017200 ms)

========================================================================
Received Prepare
Registering precompiled user dll's ...
Registered in 0.001870 seconds.
Begin MonoManager ReloadAssembly
Native extension for LinuxStandalone target not found
Native extension for WindowsStandalone target not found
Native extension for OSXStandalone target not found
Native extension for WebGL target not found
Refreshing native plugins compatible for Editor in 0.58 ms, found 1 plugins.
Preloading 0 native plugins for Editor in 0.00 ms.
Mono: successfully reloaded assembly
- Completed reload, in  1.914 seconds
Platform modules already initialized, skipping
Refreshing native plugins compatible for Editor in 0.50 ms, found 1 plugins.
Preloading 0 native plugins for Editor in 0.00 ms.
Unloading 2050 Unused Serialized files (Serialized files now loaded: 0)
System memory in use before: 111.9 MB.
System memory in use after: 112.1 MB.

Unloading 8 unused Assets to reduce memory usage. Loaded Objects now: 2612.
Total: 3.446200 ms (FindLiveObjects: 0.276600 ms CreateObjectMapping: 0.143700 ms MarkObjects: 2.991000 ms  DeleteObjects: 0.032700 ms)

========================================================================
Received Prepare
Registering precompiled user dll's ...
Registered in 0.002633 seconds.
Begin MonoManager ReloadAssembly
Native extension for LinuxStandalone target not found
Native extension for WindowsStandalone target not found
Native extension for OSXStandalone target not found
Native extension for WebGL target not found
Refreshing native plugins compatible for Editor in 0.53 ms, found 1 plugins.
Preloading 0 native plugins for Editor in 0.00 ms.
Mono: successfully reloaded assembly
- Completed reload, in  1.585 seconds
Platform modules already initialized, skipping
Refreshing native plugins compatible for Editor in 0.54 ms, found 1 plugins.
Preloading 0 native plugins for Editor in 0.00 ms.
Unloading 2050 Unused Serialized files (Serialized files now loaded: 0)
System memory in use before: 112.0 MB.
System memory in use after: 112.1 MB.

Unloading 8 unused Assets to reduce memory usage. Loaded Objects now: 2615.
Total: 4.054200 ms (FindLiveObjects: 0.197600 ms CreateObjectMapping: 0.081000 ms MarkObjects: 3.742900 ms  DeleteObjects: 0.030500 ms)

========================================================================
Received Import Request.
  Time since last request: 169.386120 seconds.
  path: Assets/Prefabs/Enemies/BasicSquareEnemy.prefab
  artifactKey: Guid(88b57f8c01e73834c830f25ed54f1e24) Importer(815301076,1909f56bfc062723c751e8b465ee728b)
Start importing Assets/Prefabs/Enemies/BasicSquareEnemy.prefab using Guid(88b57f8c01e73834c830f25ed54f1e24) Importer(815301076,1909f56bfc062723c751e8b465ee728b)  -> (artifact id: '036fd99a17f3ddfc34920c3fdeff8127') in 0.119633 seconds
  Import took 0.126654 seconds .

========================================================================
Received Import Request.
  Time since last request: 0.202944 seconds.
  path: Assets/Prefabs/Enemies/BasicSquareEnemy.prefab
  artifactKey: Guid(88b57f8c01e73834c830f25ed54f1e24) Importer(815301076,1909f56bfc062723c751e8b465ee728b)
Start importing Assets/Prefabs/Enemies/BasicSquareEnemy.prefab using Guid(88b57f8c01e73834c830f25ed54f1e24) Importer(815301076,1909f56bfc062723c751e8b465ee728b)  -> (artifact id: '036fd99a17f3ddfc34920c3fdeff8127') in 0.084646 seconds
  Import took 0.094233 seconds .

========================================================================
Received Prepare
Registering precompiled user dll's ...
Registered in 0.003291 seconds.
Begin MonoManager ReloadAssembly
Native extension for LinuxStandalone target not found
Native extension for WindowsStandalone target not found
Native extension for OSXStandalone target not found
Native extension for WebGL target not found
Refreshing native plugins compatible for Editor in 0.95 ms, found 1 plugins.
Preloading 0 native plugins for Editor in 0.00 ms.
Mono: successfully reloaded assembly
- Completed reload, in  1.548 seconds
Platform modules already initialized, skipping
Refreshing native plugins compatible for Editor in 0.70 ms, found 1 plugins.
Preloading 0 native plugins for Editor in 0.00 ms.
Unloading 2050 Unused Serialized files (Serialized files now loaded: 0)
System memory in use before: 112.0 MB.
System memory in use after: 112.1 MB.

Unloading 8 unused Assets to reduce memory usage. Loaded Objects now: 2619.
Total: 2.491700 ms (FindLiveObjects: 0.222400 ms CreateObjectMapping: 0.086900 ms MarkObjects: 2.159700 ms  DeleteObjects: 0.021200 ms)

========================================================================
Received Import Request.
  Time since last request: 2864.005382 seconds.
  path: Assets/Prefabs/Spawns/2SingleShooterSpawn.prefab
  artifactKey: Guid(eaf35dca661bfcb47bcc99c15d5ec5fc) Importer(815301076,1909f56bfc062723c751e8b465ee728b)
Start importing Assets/Prefabs/Spawns/2SingleShooterSpawn.prefab using Guid(eaf35dca661bfcb47bcc99c15d5ec5fc) Importer(815301076,1909f56bfc062723c751e8b465ee728b)  -> (artifact id: 'd53fe6aab149b01fbab40b6f9b198a57') in 0.083300 seconds
  Import took 0.089619 seconds .

========================================================================
Received Import Request.
  Time since last request: 1.401456 seconds.
  path: Assets/Prefabs/Spawns/1FiveRedSquaresSpawn.prefab
  artifactKey: Guid(7bb4d7ac800dbe9478f237759b0ea485) Importer(815301076,1909f56bfc062723c751e8b465ee728b)
Start importing Assets/Prefabs/Spawns/1FiveRedSquaresSpawn.prefab using Guid(7bb4d7ac800dbe9478f237759b0ea485) Importer(815301076,1909f56bfc062723c751e8b465ee728b)  -> (artifact id: 'fa315e1edcf7020db863366fa975b486') in 0.025462 seconds
  Import took 0.029941 seconds .

========================================================================
Received Prepare
Registering precompiled user dll's ...
Registered in 0.008261 seconds.
Begin MonoManager ReloadAssembly
Native extension for LinuxStandalone target not found
Native extension for WindowsStandalone target not found
Native extension for OSXStandalone target not found
Native extension for WebGL target not found
Refreshing native plugins compatible for Editor in 0.36 ms, found 1 plugins.
Preloading 0 native plugins for Editor in 0.00 ms.
Mono: successfully reloaded assembly
- Completed reload, in  0.920 seconds
Platform modules already initialized, skipping
Refreshing native plugins compatible for Editor in 0.36 ms, found 1 plugins.
Preloading 0 native plugins for Editor in 0.00 ms.
Unloading 2050 Unused Serialized files (Serialized files now loaded: 0)
System memory in use before: 112.0 MB.
System memory in use after: 112.1 MB.

Unloading 8 unused Assets to reduce memory usage. Loaded Objects now: 2623.
Total: 2.128400 ms (FindLiveObjects: 0.194600 ms CreateObjectMapping: 0.059500 ms MarkObjects: 1.858700 ms  DeleteObjects: 0.014400 ms)

========================================================================
Received Import Request.
  Time since last request: 39.616040 seconds.
  path: Assets/Prefabs/Spawns/2SingleShooterSpawn 1.prefab
  artifactKey: Guid(c9bea972b48e5ef48aa2defe5fdd15e3) Importer(815301076,1909f56bfc062723c751e8b465ee728b)
Start importing Assets/Prefabs/Spawns/2SingleShooterSpawn 1.prefab using Guid(c9bea972b48e5ef48aa2defe5fdd15e3) Importer(815301076,1909f56bfc062723c751e8b465ee728b)  -> (artifact id: 'eb3bb0e9ee8f3dfe027b75bb22cfcda4') in 0.060109 seconds
  Import took 0.065013 seconds .

========================================================================
Received Import Request.
  Time since last request: 7.425343 seconds.
  path: Assets/Prefabs/Spawns/2SingleShooterSpawn 1.prefab
  artifactKey: Guid(c9bea972b48e5ef48aa2defe5fdd15e3) Importer(815301076,1909f56bfc062723c751e8b465ee728b)
Start importing Assets/Prefabs/Spawns/2SingleShooterSpawn 1.prefab using Guid(c9bea972b48e5ef48aa2defe5fdd15e3) Importer(815301076,1909f56bfc062723c751e8b465ee728b)  -> (artifact id: 'a284a68dc3ebe2ff355dfa65a6d60c5e') in 0.004453 seconds
  Import took 0.009220 seconds .

========================================================================
Received Import Request.
  Time since last request: 0.002290 seconds.
  path: Assets/Prefabs/Spawns/2SingleShooterSpawn 1.prefab
  artifactKey: Guid(c9bea972b48e5ef48aa2defe5fdd15e3) Importer(815301076,1909f56bfc062723c751e8b465ee728b)
Start importing Assets/Prefabs/Spawns/2SingleShooterSpawn 1.prefab using Guid(c9bea972b48e5ef48aa2defe5fdd15e3) Importer(815301076,1909f56bfc062723c751e8b465ee728b)  -> (artifact id: 'a284a68dc3ebe2ff355dfa65a6d60c5e') in 0.003436 seconds
  Import took 0.006604 seconds .

========================================================================
Received Import Request.
  Time since last request: 2.847356 seconds.
  path: Assets/Prefabs/Spawns/3something.prefab
  artifactKey: Guid(c9bea972b48e5ef48aa2defe5fdd15e3) Importer(815301076,1909f56bfc062723c751e8b465ee728b)
Start importing Assets/Prefabs/Spawns/3something.prefab using Guid(c9bea972b48e5ef48aa2defe5fdd15e3) Importer(815301076,1909f56bfc062723c751e8b465ee728b)  -> (artifact id: '27a734bd074c25eb94a25ad6d1560fbe') in 0.009248 seconds
  Import took 0.012894 seconds .

========================================================================
Received Import Request.
  Time since last request: 76.560919 seconds.
  path: Assets/Prefabs/Spawns/3something.prefab
  artifactKey: Guid(c9bea972b48e5ef48aa2defe5fdd15e3) Importer(815301076,1909f56bfc062723c751e8b465ee728b)
Start importing Assets/Prefabs/Spawns/3something.prefab using Guid(c9bea972b48e5ef48aa2defe5fdd15e3) Importer(815301076,1909f56bfc062723c751e8b465ee728b)  -> (artifact id: '097854e2806d8940d70756ceeb734762') in 0.036639 seconds
  Import took 0.041964 seconds .

========================================================================
Received Import Request.
  Time since last request: 10.199513 seconds.
  path: Assets/Prefabs/Spawns/3ShooterSurroundedByRedSquares.prefab
  artifactKey: Guid(c9bea972b48e5ef48aa2defe5fdd15e3) Importer(815301076,1909f56bfc062723c751e8b465ee728b)
Start importing Assets/Prefabs/Spawns/3ShooterSurroundedByRedSquares.prefab using Guid(c9bea972b48e5ef48aa2defe5fdd15e3) Importer(815301076,1909f56bfc062723c751e8b465ee728b)  -> (artifact id: 'eba73c4eaf5ab805a4954fda956e48e5') in 0.020924 seconds
  Import took 0.025177 seconds .

========================================================================
Received Import Request.
  Time since last request: 30.904292 seconds.
  path: Assets/ScriptableObjects/Waves/3SquaresAndShooters 1.asset
  artifactKey: Guid(52f7eb5226006064a804163f55044eb0) Importer(815301076,1909f56bfc062723c751e8b465ee728b)
Start importing Assets/ScriptableObjects/Waves/3SquaresAndShooters 1.asset using Guid(52f7eb5226006064a804163f55044eb0) Importer(815301076,1909f56bfc062723c751e8b465ee728b)  -> (artifact id: 'd070a43b033a356f12771b4c22950393') in 0.019100 seconds
  Import took 0.024497 seconds .

========================================================================
Received Import Request.
  Time since last request: 21.366259 seconds.
  path: Assets/ScriptableObjects/Waves/4.asset
  artifactKey: Guid(52f7eb5226006064a804163f55044eb0) Importer(815301076,1909f56bfc062723c751e8b465ee728b)
Start importing Assets/ScriptableObjects/Waves/4.asset using Guid(52f7eb5226006064a804163f55044eb0) Importer(815301076,1909f56bfc062723c751e8b465ee728b)  -> (artifact id: '6d38595b92616c12eed36b3226552b0d') in 0.014748 seconds
  Import took 0.020650 seconds .

========================================================================
Received Import Request.
  Time since last request: 114.496014 seconds.
  path: Assets/ScriptableObjects/Waves/4ShooterSurroundedBySquaresWave.asset
  artifactKey: Guid(52f7eb5226006064a804163f55044eb0) Importer(815301076,1909f56bfc062723c751e8b465ee728b)
Start importing Assets/ScriptableObjects/Waves/4ShooterSurroundedBySquaresWave.asset using Guid(52f7eb5226006064a804163f55044eb0) Importer(815301076,1909f56bfc062723c751e8b465ee728b)  -> (artifact id: 'd9fa3bdcbc06d059ccfd98d61a723507') in 0.014678 seconds
  Import took 0.019722 seconds .

========================================================================
Received Import Request.
  Time since last request: 6.904665 seconds.
  path: Assets/ScriptableObjects/Waves/4ShooterSurroundedBySquaresWave.asset
  artifactKey: Guid(52f7eb5226006064a804163f55044eb0) Importer(815301076,1909f56bfc062723c751e8b465ee728b)
Start importing Assets/ScriptableObjects/Waves/4ShooterSurroundedBySquaresWave.asset using Guid(52f7eb5226006064a804163f55044eb0) Importer(815301076,1909f56bfc062723c751e8b465ee728b)  -> (artifact id: 'a0a7e790df3767a43ef32d8888ea3085') in 0.006362 seconds
  Import took 0.011500 seconds .

========================================================================
Received Import Request.
  Time since last request: 5.139259 seconds.
  path: Assets/ScriptableObjects/Waves/4ShooterSurroundedBySquaresWave.asset
  artifactKey: Guid(52f7eb5226006064a804163f55044eb0) Importer(815301076,1909f56bfc062723c751e8b465ee728b)
Start importing Assets/ScriptableObjects/Waves/4ShooterSurroundedBySquaresWave.asset using Guid(52f7eb5226006064a804163f55044eb0) Importer(815301076,1909f56bfc062723c751e8b465ee728b)  -> (artifact id: '2d339fd5dc59437276072d10b2ea30d2') in 0.005802 seconds
  Import took 0.010636 seconds .

========================================================================
Received Import Request.
  Time since last request: 79.724782 seconds.
  path: Assets/Prefabs/Spawns/3ShooterSurroundedByRedSquares 1.prefab
  artifactKey: Guid(31a970a42330c4043a999c9327d47edf) Importer(815301076,1909f56bfc062723c751e8b465ee728b)
Start importing Assets/Prefabs/Spawns/3ShooterSurroundedByRedSquares 1.prefab using Guid(31a970a42330c4043a999c9327d47edf) Importer(815301076,1909f56bfc062723c751e8b465ee728b)  -> (artifact id: '7015767eae830cba19211662f2915153') in 0.027032 seconds
  Import took 0.031502 seconds .

========================================================================
Received Import Request.
  Time since last request: 0.000955 seconds.
  path: Assets/Prefabs/Spawns/3ShooterSurroundedByRedSquares 1.prefab
  artifactKey: Guid(31a970a42330c4043a999c9327d47edf) Importer(815301076,1909f56bfc062723c751e8b465ee728b)
Start importing Assets/Prefabs/Spawns/3ShooterSurroundedByRedSquares 1.prefab using Guid(31a970a42330c4043a999c9327d47edf) Importer(815301076,1909f56bfc062723c751e8b465ee728b)  -> (artifact id: '7015767eae830cba19211662f2915153') in 0.014767 seconds
  Import took 0.019028 seconds .

========================================================================
Received Import Request.
  Time since last request: 11.852999 seconds.
  path: Assets/Prefabs/Spawns/4SingleTriangleShooterSpawn.prefab
  artifactKey: Guid(31a970a42330c4043a999c9327d47edf) Importer(815301076,1909f56bfc062723c751e8b465ee728b)
Start importing Assets/Prefabs/Spawns/4SingleTriangleShooterSpawn.prefab using Guid(31a970a42330c4043a999c9327d47edf) Importer(815301076,1909f56bfc062723c751e8b465ee728b)  -> (artifact id: 'a0b05dcbd1576d6d565331a2efa48fa1') in 0.021410 seconds
  Import took 0.024977 seconds .

========================================================================
Received Import Request.
  Time since last request: 13.949962 seconds.
  path: Assets/ScriptableObjects/Waves/4ShooterSurroundedBySquaresWave 1.asset
  artifactKey: Guid(dc8f6925b0e32e147be07ef6b9e68832) Importer(815301076,1909f56bfc062723c751e8b465ee728b)
Start importing Assets/ScriptableObjects/Waves/4ShooterSurroundedBySquaresWave 1.asset using Guid(dc8f6925b0e32e147be07ef6b9e68832) Importer(815301076,1909f56bfc062723c751e8b465ee728b)  -> (artifact id: '1071343f3b69c677d02527902ecb53e8') in 0.013820 seconds
  Import took 0.021236 seconds .

========================================================================
Received Import Request.
  Time since last request: 14.037334 seconds.
  path: Assets/ScriptableObjects/Waves/5SingleTriangleShooterWave.asset
  artifactKey: Guid(dc8f6925b0e32e147be07ef6b9e68832) Importer(815301076,1909f56bfc062723c751e8b465ee728b)
Start importing Assets/ScriptableObjects/Waves/5SingleTriangleShooterWave.asset using Guid(dc8f6925b0e32e147be07ef6b9e68832) Importer(815301076,1909f56bfc062723c751e8b465ee728b)  -> (artifact id: 'b430a66a58949d866469408aa8ab7ba4') in 0.011549 seconds
  Import took 0.015825 seconds .

========================================================================
Received Import Request.
  Time since last request: 17.942293 seconds.
  path: Assets/ScriptableObjects/Waves/5SingleTriangleShooterWave.asset
  artifactKey: Guid(dc8f6925b0e32e147be07ef6b9e68832) Importer(815301076,1909f56bfc062723c751e8b465ee728b)
Start importing Assets/ScriptableObjects/Waves/5SingleTriangleShooterWave.asset using Guid(dc8f6925b0e32e147be07ef6b9e68832) Importer(815301076,1909f56bfc062723c751e8b465ee728b)  -> (artifact id: 'd4cafadcf017465234b8b940099befb8') in 0.010719 seconds
  Import took 0.015946 seconds .

========================================================================
Received Prepare
Registering precompiled user dll's ...
Registered in 0.002442 seconds.
Begin MonoManager ReloadAssembly
Native extension for LinuxStandalone target not found
Native extension for WindowsStandalone target not found
Native extension for OSXStandalone target not found
Native extension for WebGL target not found
Refreshing native plugins compatible for Editor in 0.62 ms, found 1 plugins.
Preloading 0 native plugins for Editor in 0.00 ms.
Mono: successfully reloaded assembly
- Completed reload, in  2.026 seconds
Platform modules already initialized, skipping
Refreshing native plugins compatible for Editor in 0.53 ms, found 1 plugins.
Preloading 0 native plugins for Editor in 0.00 ms.
Unloading 2050 Unused Serialized files (Serialized files now loaded: 0)
System memory in use before: 112.0 MB.
System memory in use after: 112.2 MB.

Unloading 8 unused Assets to reduce memory usage. Loaded Objects now: 2627.
Total: 4.265100 ms (FindLiveObjects: 0.277500 ms CreateObjectMapping: 0.128400 ms MarkObjects: 3.819100 ms  DeleteObjects: 0.037500 ms)

========================================================================
Received Import Request.
  Time since last request: 379.326034 seconds.
  path: Assets/Prefabs/Enemies/StationaryShooterEnemyHolder.prefab
  artifactKey: Guid(2aea513da1115ca47ba12d50419d8439) Importer(815301076,1909f56bfc062723c751e8b465ee728b)
Start importing Assets/Prefabs/Enemies/StationaryShooterEnemyHolder.prefab using Guid(2aea513da1115ca47ba12d50419d8439) Importer(815301076,1909f56bfc062723c751e8b465ee728b)  -> (artifact id: '921869cf51c9cbd4d319345f9841416f') in 0.080106 seconds
  Import took 0.086415 seconds .

========================================================================
Received Prepare
Registering precompiled user dll's ...
Registered in 0.002654 seconds.
Begin MonoManager ReloadAssembly
Native extension for LinuxStandalone target not found
Native extension for WindowsStandalone target not found
Native extension for OSXStandalone target not found
Native extension for WebGL target not found
Refreshing native plugins compatible for Editor in 0.52 ms, found 1 plugins.
Preloading 0 native plugins for Editor in 0.00 ms.
Mono: successfully reloaded assembly
- Completed reload, in  1.797 seconds
Platform modules already initialized, skipping
Refreshing native plugins compatible for Editor in 0.55 ms, found 1 plugins.
Preloading 0 native plugins for Editor in 0.00 ms.
Unloading 2050 Unused Serialized files (Serialized files now loaded: 0)
System memory in use before: 112.1 MB.
System memory in use after: 112.2 MB.

Unloading 8 unused Assets to reduce memory usage. Loaded Objects now: 2631.
Total: 2.817900 ms (FindLiveObjects: 0.264100 ms CreateObjectMapping: 0.121300 ms MarkObjects: 2.409000 ms  DeleteObjects: 0.021700 ms)

========================================================================
Received Import Request.
  Time since last request: 1264.413457 seconds.
  path: Assets/Prefabs/Spawns/4SingleTriangleShooterSpawn.prefab
  artifactKey: Guid(31a970a42330c4043a999c9327d47edf) Importer(815301076,1909f56bfc062723c751e8b465ee728b)
Start importing Assets/Prefabs/Spawns/4SingleTriangleShooterSpawn.prefab using Guid(31a970a42330c4043a999c9327d47edf) Importer(815301076,1909f56bfc062723c751e8b465ee728b)  -> (artifact id: '3fe929dfdb66675cc0c96d015f8c915a') in 0.064272 seconds
  Import took 0.069030 seconds .

========================================================================
Received Prepare
Registering precompiled user dll's ...
Registered in 0.001474 seconds.
Begin MonoManager ReloadAssembly
Native extension for LinuxStandalone target not found
Native extension for WindowsStandalone target not found
Native extension for OSXStandalone target not found
Native extension for WebGL target not found
Refreshing native plugins compatible for Editor in 0.37 ms, found 1 plugins.
Preloading 0 native plugins for Editor in 0.00 ms.
Mono: successfully reloaded assembly
- Completed reload, in  0.943 seconds
Platform modules already initialized, skipping
Refreshing native plugins compatible for Editor in 0.36 ms, found 1 plugins.
Preloading 0 native plugins for Editor in 0.00 ms.
Unloading 2050 Unused Serialized files (Serialized files now loaded: 0)
System memory in use before: 112.1 MB.
System memory in use after: 112.2 MB.

Unloading 8 unused Assets to reduce memory usage. Loaded Objects now: 2635.
Total: 1.971200 ms (FindLiveObjects: 0.153800 ms CreateObjectMapping: 0.058300 ms MarkObjects: 1.744900 ms  DeleteObjects: 0.012900 ms)

========================================================================
Received Prepare
Registering precompiled user dll's ...
Registered in 0.001764 seconds.
Begin MonoManager ReloadAssembly
Native extension for LinuxStandalone target not found
Native extension for WindowsStandalone target not found
Native extension for OSXStandalone target not found
Native extension for WebGL target not found
Refreshing native plugins compatible for Editor in 0.57 ms, found 1 plugins.
Preloading 0 native plugins for Editor in 0.00 ms.
Mono: successfully reloaded assembly
- Completed reload, in  1.125 seconds
Platform modules already initialized, skipping
Refreshing native plugins compatible for Editor in 0.38 ms, found 1 plugins.
Preloading 0 native plugins for Editor in 0.00 ms.
Unloading 2050 Unused Serialized files (Serialized files now loaded: 0)
System memory in use before: 112.1 MB.
System memory in use after: 112.2 MB.

Unloading 8 unused Assets to reduce memory usage. Loaded Objects now: 2638.
Total: 2.139600 ms (FindLiveObjects: 0.198200 ms CreateObjectMapping: 0.067800 ms MarkObjects: 1.857300 ms  DeleteObjects: 0.015000 ms)

========================================================================
Received Prepare
Registering precompiled user dll's ...
Registered in 0.001506 seconds.
Begin MonoManager ReloadAssembly
Native extension for LinuxStandalone target not found
Native extension for WindowsStandalone target not found
Native extension for OSXStandalone target not found
Native extension for WebGL target not found
Refreshing native plugins compatible for Editor in 0.51 ms, found 1 plugins.
Preloading 0 native plugins for Editor in 0.00 ms.
Mono: successfully reloaded assembly
- Completed reload, in  0.800 seconds
Platform modules already initialized, skipping
Refreshing native plugins compatible for Editor in 0.38 ms, found 1 plugins.
Preloading 0 native plugins for Editor in 0.00 ms.
Unloading 2050 Unused Serialized files (Serialized files now loaded: 0)
System memory in use before: 112.1 MB.
System memory in use after: 112.2 MB.

Unloading 8 unused Assets to reduce memory usage. Loaded Objects now: 2641.
Total: 1.804600 ms (FindLiveObjects: 0.174100 ms CreateObjectMapping: 0.073700 ms MarkObjects: 1.544200 ms  DeleteObjects: 0.011600 ms)

========================================================================
Received Prepare
Registering precompiled user dll's ...
Registered in 0.001470 seconds.
Begin MonoManager ReloadAssembly
Native extension for LinuxStandalone target not found
Native extension for WindowsStandalone target not found
Native extension for OSXStandalone target not found
Native extension for WebGL target not found
Refreshing native plugins compatible for Editor in 0.34 ms, found 1 plugins.
Preloading 0 native plugins for Editor in 0.00 ms.
Mono: successfully reloaded assembly
- Completed reload, in  0.864 seconds
Platform modules already initialized, skipping
Refreshing native plugins compatible for Editor in 0.42 ms, found 1 plugins.
Preloading 0 native plugins for Editor in 0.00 ms.
Unloading 2050 Unused Serialized files (Serialized files now loaded: 0)
System memory in use before: 112.1 MB.
System memory in use after: 112.3 MB.

Unloading 8 unused Assets to reduce memory usage. Loaded Objects now: 2644.
Total: 2.133900 ms (FindLiveObjects: 0.187000 ms CreateObjectMapping: 0.062600 ms MarkObjects: 1.870700 ms  DeleteObjects: 0.012800 ms)

========================================================================
Received Prepare
Registering precompiled user dll's ...
Registered in 0.001498 seconds.
Begin MonoManager ReloadAssembly
Native extension for LinuxStandalone target not found
Native extension for WindowsStandalone target not found
Native extension for OSXStandalone target not found
Native extension for WebGL target not found
Refreshing native plugins compatible for Editor in 0.38 ms, found 1 plugins.
Preloading 0 native plugins for Editor in 0.00 ms.
Mono: successfully reloaded assembly
- Completed reload, in  0.843 seconds
Platform modules already initialized, skipping
Refreshing native plugins compatible for Editor in 0.37 ms, found 1 plugins.
Preloading 0 native plugins for Editor in 0.00 ms.
Unloading 2050 Unused Serialized files (Serialized files now loaded: 0)
System memory in use before: 112.1 MB.
System memory in use after: 112.3 MB.

Unloading 8 unused Assets to reduce memory usage. Loaded Objects now: 2647.
Total: 2.021300 ms (FindLiveObjects: 0.191900 ms CreateObjectMapping: 0.070200 ms MarkObjects: 1.725600 ms  DeleteObjects: 0.032700 ms)

========================================================================
Received Prepare
Registering precompiled user dll's ...
Registered in 0.002599 seconds.
Begin MonoManager ReloadAssembly
Native extension for LinuxStandalone target not found
Native extension for WindowsStandalone target not found
Native extension for OSXStandalone target not found
Native extension for WebGL target not found
Refreshing native plugins compatible for Editor in 0.38 ms, found 1 plugins.
Preloading 0 native plugins for Editor in 0.00 ms.
Mono: successfully reloaded assembly
- Completed reload, in  0.938 seconds
Platform modules already initialized, skipping
Refreshing native plugins compatible for Editor in 0.46 ms, found 1 plugins.
Preloading 0 native plugins for Editor in 0.00 ms.
Unloading 2050 Unused Serialized files (Serialized files now loaded: 0)
System memory in use before: 112.2 MB.
System memory in use after: 112.3 MB.

Unloading 8 unused Assets to reduce memory usage. Loaded Objects now: 2650.
Total: 1.841600 ms (FindLiveObjects: 0.191600 ms CreateObjectMapping: 0.069600 ms MarkObjects: 1.567000 ms  DeleteObjects: 0.012500 ms)

========================================================================
Received Prepare
Registering precompiled user dll's ...
Registered in 0.001607 seconds.
Begin MonoManager ReloadAssembly
Native extension for LinuxStandalone target not found
Native extension for WindowsStandalone target not found
Native extension for OSXStandalone target not found
Native extension for WebGL target not found
Refreshing native plugins compatible for Editor in 0.35 ms, found 1 plugins.
Preloading 0 native plugins for Editor in 0.00 ms.
Mono: successfully reloaded assembly
- Completed reload, in  0.753 seconds
Platform modules already initialized, skipping
Refreshing native plugins compatible for Editor in 0.37 ms, found 1 plugins.
Preloading 0 native plugins for Editor in 0.00 ms.
Unloading 2050 Unused Serialized files (Serialized files now loaded: 0)
System memory in use before: 112.2 MB.
System memory in use after: 112.3 MB.

Unloading 8 unused Assets to reduce memory usage. Loaded Objects now: 2653.
Total: 1.751600 ms (FindLiveObjects: 0.175900 ms CreateObjectMapping: 0.064500 ms MarkObjects: 1.480100 ms  DeleteObjects: 0.030000 ms)

========================================================================
Received Prepare
Registering precompiled user dll's ...
Registered in 0.001569 seconds.
Begin MonoManager ReloadAssembly
Native extension for LinuxStandalone target not found
Native extension for WindowsStandalone target not found
Native extension for OSXStandalone target not found
Native extension for WebGL target not found
Refreshing native plugins compatible for Editor in 0.48 ms, found 1 plugins.
Preloading 0 native plugins for Editor in 0.00 ms.
Mono: successfully reloaded assembly
- Completed reload, in  0.801 seconds
Platform modules already initialized, skipping
Refreshing native plugins compatible for Editor in 0.39 ms, found 1 plugins.
Preloading 0 native plugins for Editor in 0.00 ms.
Unloading 2050 Unused Serialized files (Serialized files now loaded: 0)
System memory in use before: 112.2 MB.
System memory in use after: 112.3 MB.

Unloading 8 unused Assets to reduce memory usage. Loaded Objects now: 2656.
Total: 3.063300 ms (FindLiveObjects: 0.202400 ms CreateObjectMapping: 0.098300 ms MarkObjects: 2.733500 ms  DeleteObjects: 0.027000 ms)

========================================================================
Received Prepare
Registering precompiled user dll's ...
Registered in 0.001492 seconds.
Begin MonoManager ReloadAssembly
Native extension for LinuxStandalone target not found
Native extension for WindowsStandalone target not found
Native extension for OSXStandalone target not found
Native extension for WebGL target not found
Refreshing native plugins compatible for Editor in 0.39 ms, found 1 plugins.
Preloading 0 native plugins for Editor in 0.00 ms.
Mono: successfully reloaded assembly
- Completed reload, in  0.797 seconds
Platform modules already initialized, skipping
Refreshing native plugins compatible for Editor in 0.36 ms, found 1 plugins.
Preloading 0 native plugins for Editor in 0.00 ms.
Unloading 2050 Unused Serialized files (Serialized files now loaded: 0)
System memory in use before: 112.2 MB.
System memory in use after: 112.3 MB.

Unloading 8 unused Assets to reduce memory usage. Loaded Objects now: 2659.
Total: 2.068300 ms (FindLiveObjects: 0.188900 ms CreateObjectMapping: 0.059900 ms MarkObjects: 1.806000 ms  DeleteObjects: 0.012500 ms)

